

Processing ApplicationController#index (for 127.0.0.1 at 2009-09-15 12:48:00) [GET]

MissingSourceFile (no such file to load -- smtp_tls):
  app/controllers/site_controller.rb:2

Rendered rescues/_trace (34.3ms)
Rendered rescues/_request_and_response (1.4ms)
Rendering rescues/layout (internal_server_error)


Processing ApplicationController#index (for 127.0.0.1 at 2009-09-15 12:48:01) [GET]

MissingSourceFile (no such file to load -- smtp_tls):
  app/controllers/site_controller.rb:2

Rendered rescues/_trace (99.8ms)
Rendered rescues/_request_and_response (0.3ms)
Rendering rescues/layout (internal_server_error)


Processing ApplicationController#index (for 127.0.0.1 at 2009-09-15 12:48:57) [GET]

MissingSourceFile (no such file to load -- smtp_tls):
  app/controllers/site_controller.rb:2

Rendered rescues/_trace (33.3ms)
Rendered rescues/_request_and_response (0.3ms)
Rendering rescues/layout (internal_server_error)


Processing ApplicationController#index (for 127.0.0.1 at 2009-09-15 12:48:58) [GET]

MissingSourceFile (no such file to load -- smtp_tls):
  app/controllers/site_controller.rb:2

Rendered rescues/_trace (31.3ms)
Rendered rescues/_request_and_response (0.3ms)
Rendering rescues/layout (internal_server_error)


Processing ApplicationController#index (for 127.0.0.1 at 2009-09-15 12:48:59) [GET]

MissingSourceFile (no such file to load -- smtp_tls):
  app/controllers/site_controller.rb:2

Rendered rescues/_trace (29.6ms)
Rendered rescues/_request_and_response (0.3ms)
Rendering rescues/layout (internal_server_error)


Processing ApplicationController#index (for 127.0.0.1 at 2009-09-15 12:49:00) [GET]

MissingSourceFile (no such file to load -- smtp_tls):
  app/controllers/site_controller.rb:2

Rendered rescues/_trace (30.3ms)
Rendered rescues/_request_and_response (0.3ms)
Rendering rescues/layout (internal_server_error)


Processing ApplicationController#index (for 127.0.0.1 at 2009-09-15 12:49:00) [GET]

MissingSourceFile (no such file to load -- smtp_tls):
  app/controllers/site_controller.rb:2

Rendered rescues/_trace (111.3ms)
Rendered rescues/_request_and_response (0.3ms)
Rendering rescues/layout (internal_server_error)


Processing ApplicationController#index (for 127.0.0.1 at 2009-09-15 12:49:01) [GET]

MissingSourceFile (no such file to load -- smtp_tls):
  app/controllers/site_controller.rb:2

Rendered rescues/_trace (31.7ms)
Rendered rescues/_request_and_response (0.3ms)
Rendering rescues/layout (internal_server_error)


Processing SiteController#index (for 127.0.0.1 at 2009-09-15 12:49:18) [GET]
Rendering site/index
Completed in 38ms (View: 37, DB: 0) | 200 OK [http://localhost/]


Processing EditorController#index (for 127.0.0.1 at 2009-09-15 12:49:22) [GET]
Rendering editor/index

ActionView::TemplateError (undefined method `has_key?' for "qTools":String) on line #5 of app/views/editor/_sidebar.rhtml:
2: 			QuickTools
3: 		</div>
4: 		<div class="sideCont">
5: 			<%= render_partial 'qTools'%>
6: 		</div>
7: 		<div class="sideTitle">
8: 			Effects

    app/views/editor/_sidebar.rhtml:5:in `_run_rhtml_app47views47editor47_sidebar46rhtml_locals_object_sidebar'
    app/views/editor/index.rhtml:28:in `_run_rhtml_app47views47editor47index46rhtml'

Rendered rescues/_trace (46.9ms)
Rendered rescues/_request_and_response (1.7ms)
Rendering rescues/layout (internal_server_error)


Processing EditorController#index (for 127.0.0.1 at 2009-09-15 12:50:14) [GET]
Rendering editor/index
Rendered editor/_qTools (17.1ms)
Rendered editor/_filters (2.0ms)
Rendered editor/_sidebar (90.4ms)

ActionView::TemplateError (undefined method `has_key?' for "layers":String) on line #58 of app/views/editor/index.rhtml:
55: </div>
56: <div class="paneContent">
57: <div id="layers">
58: <%= render_partial 'layers'%>
59: </div>
60: <div id="history">
61: <%= render_partial 'history'%>

    app/views/editor/index.rhtml:58:in `_run_rhtml_app47views47editor47index46rhtml'

Rendered rescues/_trace (43.6ms)
Rendered rescues/_request_and_response (0.3ms)
Rendering rescues/layout (internal_server_error)


Processing EditorController#index (for 127.0.0.1 at 2009-09-15 12:50:15) [GET]
Rendering editor/index
Rendered editor/_qTools (0.1ms)
Rendered editor/_filters (0.1ms)
Rendered editor/_sidebar (0.5ms)

ActionView::TemplateError (undefined method `has_key?' for "layers":String) on line #58 of app/views/editor/index.rhtml:
55: </div>
56: <div class="paneContent">
57: <div id="layers">
58: <%= render_partial 'layers'%>
59: </div>
60: <div id="history">
61: <%= render_partial 'history'%>

    app/views/editor/index.rhtml:58:in `_run_rhtml_app47views47editor47index46rhtml'

Rendered rescues/_trace (101.8ms)
Rendered rescues/_request_and_response (0.3ms)
Rendering rescues/layout (internal_server_error)


Processing EditorController#index (for 127.0.0.1 at 2009-09-15 12:51:24) [GET]
Rendering editor/index
Rendered editor/_qTools (0.1ms)
Rendered editor/_filters (0.1ms)
Rendered editor/_sidebar (0.5ms)
Rendered editor/_layers (15.1ms)
Rendered editor/_history (0.9ms)

ActionView::TemplateError (undefined method `has_key?' for "text":String) on line #74 of app/views/editor/index.rhtml:
71: 
72: <div class="paneContent">
73: <div id="text">
74: <%= render_partial 'text'%>
75: </div>
76: <div id="imgfx">
77: <%= render_partial 'image'%>

    app/views/editor/index.rhtml:74:in `_run_rhtml_app47views47editor47index46rhtml'

Rendered rescues/_trace (132.8ms)
Rendered rescues/_request_and_response (0.3ms)
Rendering rescues/layout (internal_server_error)


Processing EditorController#index (for 127.0.0.1 at 2009-09-15 12:51:26) [GET]
Rendering editor/index
Rendered editor/_qTools (0.1ms)
Rendered editor/_filters (0.1ms)
Rendered editor/_sidebar (0.5ms)
Rendered editor/_layers (0.1ms)
Rendered editor/_history (0.1ms)

ActionView::TemplateError (undefined method `has_key?' for "text":String) on line #74 of app/views/editor/index.rhtml:
71: 
72: <div class="paneContent">
73: <div id="text">
74: <%= render_partial 'text'%>
75: </div>
76: <div id="imgfx">
77: <%= render_partial 'image'%>

    app/views/editor/index.rhtml:74:in `_run_rhtml_app47views47editor47index46rhtml'

Rendered rescues/_trace (34.8ms)
Rendered rescues/_request_and_response (1.2ms)
Rendering rescues/layout (internal_server_error)


Processing EditorController#index (for 127.0.0.1 at 2009-09-15 12:51:52) [GET]
Rendering editor/index
Rendered editor/_qTools (0.1ms)
Rendered editor/_filters (0.1ms)
Rendered editor/_sidebar (0.5ms)
Rendered editor/_layers (0.1ms)
Rendered editor/_history (0.1ms)
Rendered editor/_text (2.0ms)
Rendered editor/_image (1.0ms)
Completed in 87ms (View: 86, DB: 0) | 200 OK [http://localhost/editor/]


Processing ApplicationController#index (for 127.0.0.1 at 2009-09-15 12:51:52) [GET]

ActionController::RoutingError (No route matches "/images/loading.gif" with {:method=>:get}):
  

Rendering rescues/layout (not_found)


Processing EditorController#upload_form (for 127.0.0.1 at 2009-09-15 12:51:55) [GET]
Rendering editor/upload_form
Completed in 8ms (View: 6, DB: 0) | 200 OK [http://localhost/editor/upload_form]


Processing EditorController#upload_img (for 127.0.0.1 at 2009-09-15 12:52:05) [POST]
  Parameters: {"img"=>#<File:/var/folders/0y/0yn+dlFTHEijiLQ0eiohLE+++TI/-Tmp-/RackMultipart.1234.0>}

ActionController::InvalidAuthenticityToken (ActionController::InvalidAuthenticityToken):
  

Rendered rescues/_trace (39.8ms)
Rendered rescues/_request_and_response (0.3ms)
Rendering rescues/layout (unprocessable_entity)


Processing EditorController#open (for 127.0.0.1 at 2009-09-15 12:52:11) [GET]
Rendering editor/open
Completed in 16ms (View: 15, DB: 0) | 200 OK [http://localhost/editor/open]


Processing EditorController#resizeDetails (for 127.0.0.1 at 2009-09-15 12:52:26) [POST]
Rendering editor/resizeDetails
Completed in 20ms (View: 19, DB: 0) | 200 OK [http://localhost/editor/resizeDetails]


Processing EditorController#edit (for 127.0.0.1 at 2009-09-15 12:52:27) [GET]
  Parameters: {"00resize"=>"551,284", "img"=>"aHR0cDovL3d3dy5nb29nbGUuY29tL2xvZ29zL2dvb2dfZS5naWY="}

NameError (uninitialized constant EditorController::RImage):
  app/controllers/editor_controller.rb:6:in `edit'

Rendered rescues/_trace (34.9ms)
Rendered rescues/_request_and_response (0.3ms)
Rendering rescues/layout (internal_server_error)
DEPRECATION WARNING: Disabling sessions for a single controller has been deprecated. Sessions are now lazy loaded. So if you don't access them, consider them off. You can still modify the session cookie options with request.session_options.. (called from /Users/adrianwisernig/projects/recrio2/app/controllers/application_controller.rb:7)


Processing EditorController#index (for 127.0.0.1 at 2009-09-18 18:25:42) [GET]
Rendering editor/index
Rendered editor/_qTools (17.1ms)
Rendered editor/_filters (1.8ms)
Rendered editor/_sidebar (48.1ms)
Rendered editor/_layers (0.9ms)
Rendered editor/_history (0.8ms)
Rendered editor/_text (2.1ms)
Rendered editor/_image (0.9ms)
Completed in 186ms (View: 184, DB: 0) | 200 OK [http://localhost/editor/]
DEPRECATION WARNING: Disabling sessions for a single controller has been deprecated. Sessions are now lazy loaded. So if you don't access them, consider them off. You can still modify the session cookie options with request.session_options.. (called from /Users/adrianwisernig/projects/recrio2/app/controllers/application_controller.rb:7)


Processing ApplicationController#index (for 127.0.0.1 at 2009-09-18 18:25:43) [GET]

ActionController::RoutingError (No route matches "/images/loading.gif" with {:method=>:get}):
  

Rendering rescues/layout (not_found)
DEPRECATION WARNING: Disabling sessions for a single controller has been deprecated. Sessions are now lazy loaded. So if you don't access them, consider them off. You can still modify the session cookie options with request.session_options.. (called from /Users/adrianwisernig/projects/recrio2/app/controllers/application_controller.rb:7)


Processing EditorController#open (for 127.0.0.1 at 2009-09-18 18:25:46) [GET]
Rendering editor/open
Completed in 27ms (View: 26, DB: 0) | 200 OK [http://localhost/editor/open]
DEPRECATION WARNING: Disabling sessions for a single controller has been deprecated. Sessions are now lazy loaded. So if you don't access them, consider them off. You can still modify the session cookie options with request.session_options.. (called from /Users/adrianwisernig/projects/recrio2/app/controllers/application_controller.rb:7)


Processing EditorController#resizeDetails (for 127.0.0.1 at 2009-09-18 18:26:08) [POST]
Rendering editor/resizeDetails
Completed in 56ms (View: 54, DB: 0) | 200 OK [http://localhost/editor/resizeDetails]
DEPRECATION WARNING: Disabling sessions for a single controller has been deprecated. Sessions are now lazy loaded. So if you don't access them, consider them off. You can still modify the session cookie options with request.session_options.. (called from /Users/adrianwisernig/projects/recrio2/app/controllers/application_controller.rb:7)


Processing EditorController#edit (for 127.0.0.1 at 2009-09-18 18:26:09) [GET]
  Parameters: {"00resize"=>"401,464", "img"=>"aHR0cDovL3d3dy5zeGMuaHUvcGljL20vbS9tZS9tZWxhbmllbWFyLzY0NDgxX2Zsb3VyXzQuanBn"}

NameError (uninitialized constant EditorController::RImage):
  app/controllers/editor_controller.rb:6:in `edit'

Rendered rescues/_trace (35.3ms)
Rendered rescues/_request_and_response (1.5ms)
Rendering rescues/layout (internal_server_error)
DEPRECATION WARNING: Disabling sessions for a single controller has been deprecated. Sessions are now lazy loaded. So if you don't access them, consider them off. You can still modify the session cookie options with request.session_options.. (called from /Users/adrianwisernig/projects/recrio2/app/controllers/application_controller.rb:7)


Processing EditorController#index (for 127.0.0.1 at 2009-09-18 18:27:07) [GET]
Rendering editor/index
Rendered editor/_qTools (0.9ms)
Rendered editor/_filters (1.4ms)
Rendered editor/_sidebar (10.9ms)
Rendered editor/_layers (0.4ms)
Rendered editor/_history (0.4ms)
Rendered editor/_text (5.3ms)
Rendered editor/_image (0.5ms)
Completed in 110ms (View: 108, DB: 0) | 200 OK [http://localhost/editor/]
DEPRECATION WARNING: Disabling sessions for a single controller has been deprecated. Sessions are now lazy loaded. So if you don't access them, consider them off. You can still modify the session cookie options with request.session_options.. (called from /Users/adrianwisernig/projects/recrio2/app/controllers/application_controller.rb:7)


Processing ApplicationController#index (for 127.0.0.1 at 2009-09-18 18:27:08) [GET]

ActionController::RoutingError (No route matches "/images/loading.gif" with {:method=>:get}):
  

Rendering rescues/layout (not_found)
DEPRECATION WARNING: Disabling sessions for a single controller has been deprecated. Sessions are now lazy loaded. So if you don't access them, consider them off. You can still modify the session cookie options with request.session_options.. (called from /Users/adrianwisernig/projects/recrio2/app/controllers/application_controller.rb:7)


Processing EditorController#open (for 127.0.0.1 at 2009-09-18 18:27:11) [GET]
Rendering editor/open
Completed in 8ms (View: 6, DB: 0) | 200 OK [http://localhost/editor/open]
DEPRECATION WARNING: Disabling sessions for a single controller has been deprecated. Sessions are now lazy loaded. So if you don't access them, consider them off. You can still modify the session cookie options with request.session_options.. (called from /Users/adrianwisernig/projects/recrio2/app/controllers/application_controller.rb:7)


Processing EditorController#resizeDetails (for 127.0.0.1 at 2009-09-18 18:27:21) [POST]
Rendering editor/resizeDetails
Completed in 7ms (View: 5, DB: 0) | 200 OK [http://localhost/editor/resizeDetails]
DEPRECATION WARNING: Disabling sessions for a single controller has been deprecated. Sessions are now lazy loaded. So if you don't access them, consider them off. You can still modify the session cookie options with request.session_options.. (called from /Users/adrianwisernig/projects/recrio2/app/controllers/application_controller.rb:7)


Processing EditorController#edit (for 127.0.0.1 at 2009-09-18 18:27:21) [GET]
  Parameters: {"00resize"=>"385,437", "img"=>"aHR0cDovL3d3dy5zeGMuaHUvcGljL20vbS9tZS9tZWxhbmllbWFyLzY0NDgxX2Zsb3VyXzQuanBn"}
Sending data 
Completed in 1134ms (View: 1, DB: 0) | 200 OK [http://localhost/editor/edit?img=aHR0cDovL3d3dy5zeGMuaHUvcGljL20vbS9tZS9tZWxhbmllbWFyLzY0NDgxX2Zsb3VyXzQuanBn&00resize=385,437]
DEPRECATION WARNING: Disabling sessions for a single controller has been deprecated. Sessions are now lazy loaded. So if you don't access them, consider them off. You can still modify the session cookie options with request.session_options.. (called from /Users/adrianwisernig/projects/recrio2/app/controllers/application_controller.rb:7)


Processing EditorController#edit (for 127.0.0.1 at 2009-09-18 18:27:27) [GET]
  Parameters: {"00resize"=>"385,437", "img"=>"aHR0cDovL3d3dy5zeGMuaHUvcGljL20vbS9tZS9tZWxhbmllbWFyLzY0NDgxX2Zsb3VyXzQuanBn", "01desaturate"=>nil}
Sending data 
Completed in 627ms (View: 1, DB: 0) | 200 OK [http://localhost/editor/edit?img=aHR0cDovL3d3dy5zeGMuaHUvcGljL20vbS9tZS9tZWxhbmllbWFyLzY0NDgxX2Zsb3VyXzQuanBn&00resize=385,437&01desaturate]
DEPRECATION WARNING: Disabling sessions for a single controller has been deprecated. Sessions are now lazy loaded. So if you don't access them, consider them off. You can still modify the session cookie options with request.session_options.. (called from /Users/adrianwisernig/projects/recrio2/app/controllers/application_controller.rb:7)


Processing EditorController#edit (for 127.0.0.1 at 2009-09-18 18:27:45) [GET]
  Parameters: {"00resize"=>"385,437", "img"=>"aHR0cDovL3d3dy5zeGMuaHUvcGljL20vbS9tZS9tZWxhbmllbWFyLzY0NDgxX2Zsb3VyXzQuanBn", "01oil_paint"=>"5"}
Sending data 
Completed in 912ms (View: 1, DB: 0) | 200 OK [http://localhost/editor/edit?img=aHR0cDovL3d3dy5zeGMuaHUvcGljL20vbS9tZS9tZWxhbmllbWFyLzY0NDgxX2Zsb3VyXzQuanBn&00resize=385,437&01oil_paint=5]


Processing EditorController#index (for 127.0.0.1 at 2009-09-18 18:28:33) [GET]
Rendering editor/index
Rendered editor/_qTools (0.9ms)
Rendered editor/_filters (1.4ms)
Rendered editor/_sidebar (11.3ms)
Rendered editor/_layers (1.2ms)
Rendered editor/_history (0.3ms)
Rendered editor/_text (15.4ms)
Rendered editor/_image (0.5ms)
Completed in 120ms (View: 118, DB: 0) | 200 OK [http://localhost/editor/]


Processing ApplicationController#index (for 127.0.0.1 at 2009-09-18 18:28:34) [GET]

ActionController::RoutingError (No route matches "/images/loading.gif" with {:method=>:get}):
  

Rendering rescues/layout (not_found)


Processing EditorController#open (for 127.0.0.1 at 2009-09-18 18:28:36) [GET]
Rendering editor/open
Completed in 8ms (View: 5, DB: 0) | 200 OK [http://localhost/editor/open]


Processing EditorController#resizeDetails (for 127.0.0.1 at 2009-09-18 18:28:41) [POST]
Rendering editor/resizeDetails
Completed in 8ms (View: 6, DB: 0) | 200 OK [http://localhost/editor/resizeDetails]


Processing EditorController#edit (for 127.0.0.1 at 2009-09-18 18:28:42) [GET]
  Parameters: {"00resize"=>"501,455", "img"=>"aHR0cDovL3d3dy5zeGMuaHUvcGljL20vbS9tZS9tZWxhbmllbWFyLzY0NDgxX2Zsb3VyXzQuanBn"}
Sending data 
Completed in 667ms (View: 1, DB: 0) | 200 OK [http://localhost/editor/edit?img=aHR0cDovL3d3dy5zeGMuaHUvcGljL20vbS9tZS9tZWxhbmllbWFyLzY0NDgxX2Zsb3VyXzQuanBn&00resize=501,455]


Processing EditorController#edit (for 127.0.0.1 at 2009-09-18 18:28:49) [GET]
  Parameters: {"00resize"=>"501,455", "img"=>"aHR0cDovL3d3dy5zeGMuaHUvcGljL20vbS9tZS9tZWxhbmllbWFyLzY0NDgxX2Zsb3VyXzQuanBn", "01negate"=>nil}
Sending data 
Completed in 612ms (View: 1, DB: 0) | 200 OK [http://localhost/editor/edit?img=aHR0cDovL3d3dy5zeGMuaHUvcGljL20vbS9tZS9tZWxhbmllbWFyLzY0NDgxX2Zsb3VyXzQuanBn&00resize=501,455&01negate]


Processing EditorController#edit (for 127.0.0.1 at 2009-09-18 18:29:08) [GET]
  Parameters: {"00resize"=>"501,455", "img"=>"aHR0cDovL3d3dy5zeGMuaHUvcGljL20vbS9tZS9tZWxhbmllbWFyLzY0NDgxX2Zsb3VyXzQuanBn", "02oil_paint"=>"6", "01negate"=>nil}
Sending data 
Completed in 1284ms (View: 1, DB: 0) | 200 OK [http://localhost/editor/edit?img=aHR0cDovL3d3dy5zeGMuaHUvcGljL20vbS9tZS9tZWxhbmllbWFyLzY0NDgxX2Zsb3VyXzQuanBn&00resize=501,455&01negate&02oil_paint=6]


Processing SiteController#index (for 192.168.1.102 at 2009-09-18 18:37:53) [OPTIONS]
Rendering site/index
Completed in 28ms (View: 27, DB: 0) | 200 OK [http://macbookpro-7c53/]
/!\ FAILSAFE /!\  Fri Sep 18 18:37:53 -0400 2009
  Status: 500 Internal Server Error
  PROPFIND, accepted HTTP methods are get, head, put, post, delete, and options
    /opt/local/lib/ruby/gems/1.8/gems/actionpack-2.3.4/lib/action_controller/request.rb:35:in `request_method'
    /opt/local/lib/ruby/gems/1.8/gems/actionpack-2.3.4/lib/action_controller/request.rb:43:in `method'
    /opt/local/lib/ruby/gems/1.8/gems/actionpack-2.3.4/lib/action_controller/base.rb:1313:in `log_processing_for_request_id'
    /opt/local/lib/ruby/gems/1.8/gems/actionpack-2.3.4/lib/action_controller/base.rb:1305:in `log_processing'
    /opt/local/lib/ruby/gems/1.8/gems/actionpack-2.3.4/lib/action_controller/base.rb:531:in `process_without_filters'
    /opt/local/lib/ruby/gems/1.8/gems/actionpack-2.3.4/lib/action_controller/filters.rb:606:in `process'
    /opt/local/lib/ruby/gems/1.8/gems/actionpack-2.3.4/lib/action_controller/rescue.rb:65:in `call_with_exception'
    /opt/local/lib/ruby/gems/1.8/gems/actionpack-2.3.4/lib/action_controller/dispatcher.rb:90:in `dispatch'
    /opt/local/lib/ruby/gems/1.8/gems/actionpack-2.3.4/lib/action_controller/dispatcher.rb:121:in `_call'
    /opt/local/lib/ruby/gems/1.8/gems/actionpack-2.3.4/lib/action_controller/dispatcher.rb:130:in `build_middleware_stack'
    /opt/local/lib/ruby/gems/1.8/gems/activerecord-2.3.4/lib/active_record/query_cache.rb:29:in `call'
    /opt/local/lib/ruby/gems/1.8/gems/activerecord-2.3.4/lib/active_record/query_cache.rb:29:in `call'
    /opt/local/lib/ruby/gems/1.8/gems/activerecord-2.3.4/lib/active_record/connection_adapters/abstract/query_cache.rb:34:in `cache'
    /opt/local/lib/ruby/gems/1.8/gems/activerecord-2.3.4/lib/active_record/query_cache.rb:9:in `cache'
    /opt/local/lib/ruby/gems/1.8/gems/activerecord-2.3.4/lib/active_record/query_cache.rb:28:in `call'
    /opt/local/lib/ruby/gems/1.8/gems/activerecord-2.3.4/lib/active_record/connection_adapters/abstract/connection_pool.rb:361:in `call'
    /opt/local/lib/ruby/gems/1.8/gems/rack-1.0.0/lib/rack/head.rb:9:in `call'
    /opt/local/lib/ruby/gems/1.8/gems/rack-1.0.0/lib/rack/methodoverride.rb:24:in `call'
    /opt/local/lib/ruby/gems/1.8/gems/actionpack-2.3.4/lib/action_controller/params_parser.rb:15:in `call'
    /opt/local/lib/ruby/gems/1.8/gems/actionpack-2.3.4/lib/action_controller/session/cookie_store.rb:93:in `call'
    /opt/local/lib/ruby/gems/1.8/gems/actionpack-2.3.4/lib/action_controller/failsafe.rb:26:in `call'
    /opt/local/lib/ruby/gems/1.8/gems/rack-1.0.0/lib/rack/lock.rb:11:in `call'
    /opt/local/lib/ruby/gems/1.8/gems/rack-1.0.0/lib/rack/lock.rb:11:in `synchronize'
    /opt/local/lib/ruby/gems/1.8/gems/rack-1.0.0/lib/rack/lock.rb:11:in `call'
    /opt/local/lib/ruby/gems/1.8/gems/actionpack-2.3.4/lib/action_controller/dispatcher.rb:114:in `call'
    /opt/local/lib/ruby/gems/1.8/gems/actionpack-2.3.4/lib/action_controller/reloader.rb:34:in `run'
    /opt/local/lib/ruby/gems/1.8/gems/actionpack-2.3.4/lib/action_controller/dispatcher.rb:108:in `call'
    /opt/local/lib/ruby/gems/1.8/gems/rails-2.3.4/lib/rails/rack/static.rb:31:in `call'
    /opt/local/lib/ruby/gems/1.8/gems/rack-1.0.0/lib/rack/urlmap.rb:46:in `call'
    /opt/local/lib/ruby/gems/1.8/gems/rack-1.0.0/lib/rack/urlmap.rb:40:in `each'
    /opt/local/lib/ruby/gems/1.8/gems/rack-1.0.0/lib/rack/urlmap.rb:40:in `call'
    /opt/local/lib/ruby/gems/1.8/gems/rails-2.3.4/lib/rails/rack/log_tailer.rb:17:in `call'
    /opt/local/lib/ruby/gems/1.8/gems/rack-1.0.0/lib/rack/content_length.rb:13:in `call'
    /opt/local/lib/ruby/gems/1.8/gems/rack-1.0.0/lib/rack/chunked.rb:15:in `call'
    /opt/local/lib/ruby/gems/1.8/gems/rack-1.0.0/lib/rack/handler/mongrel.rb:61:in `process'
    /opt/local/lib/ruby/gems/1.8/gems/mongrel-1.1.5/lib/mongrel.rb:159:in `process_client'
    /opt/local/lib/ruby/gems/1.8/gems/mongrel-1.1.5/lib/mongrel.rb:158:in `each'
    /opt/local/lib/ruby/gems/1.8/gems/mongrel-1.1.5/lib/mongrel.rb:158:in `process_client'
    /opt/local/lib/ruby/gems/1.8/gems/mongrel-1.1.5/lib/mongrel.rb:285:in `run'
    /opt/local/lib/ruby/gems/1.8/gems/mongrel-1.1.5/lib/mongrel.rb:285:in `initialize'
    /opt/local/lib/ruby/gems/1.8/gems/mongrel-1.1.5/lib/mongrel.rb:285:in `new'
    /opt/local/lib/ruby/gems/1.8/gems/mongrel-1.1.5/lib/mongrel.rb:285:in `run'
    /opt/local/lib/ruby/gems/1.8/gems/mongrel-1.1.5/lib/mongrel.rb:268:in `initialize'
    /opt/local/lib/ruby/gems/1.8/gems/mongrel-1.1.5/lib/mongrel.rb:268:in `new'
    /opt/local/lib/ruby/gems/1.8/gems/mongrel-1.1.5/lib/mongrel.rb:268:in `run'
    /opt/local/lib/ruby/gems/1.8/gems/rack-1.0.0/lib/rack/handler/mongrel.rb:34:in `run'
    /opt/local/lib/ruby/gems/1.8/gems/rails-2.3.4/lib/commands/server.rb:111
    /opt/local/lib/ruby/site_ruby/1.8/rubygems/custom_require.rb:31:in `gem_original_require'
    /opt/local/lib/ruby/site_ruby/1.8/rubygems/custom_require.rb:31:in `require'
    script/server:3
/!\ FAILSAFE /!\  Fri Sep 18 18:37:53 -0400 2009
  Status: 500 Internal Server Error
  PROPFIND, accepted HTTP methods are get, head, put, post, delete, and options
    /opt/local/lib/ruby/gems/1.8/gems/actionpack-2.3.4/lib/action_controller/request.rb:35:in `request_method'
    /opt/local/lib/ruby/gems/1.8/gems/actionpack-2.3.4/lib/action_controller/request.rb:43:in `method'
    /opt/local/lib/ruby/gems/1.8/gems/actionpack-2.3.4/lib/action_controller/base.rb:1313:in `log_processing_for_request_id'
    /opt/local/lib/ruby/gems/1.8/gems/actionpack-2.3.4/lib/action_controller/base.rb:1305:in `log_processing'
    /opt/local/lib/ruby/gems/1.8/gems/actionpack-2.3.4/lib/action_controller/base.rb:531:in `process_without_filters'
    /opt/local/lib/ruby/gems/1.8/gems/actionpack-2.3.4/lib/action_controller/filters.rb:606:in `process'
    /opt/local/lib/ruby/gems/1.8/gems/actionpack-2.3.4/lib/action_controller/rescue.rb:65:in `call_with_exception'
    /opt/local/lib/ruby/gems/1.8/gems/actionpack-2.3.4/lib/action_controller/dispatcher.rb:90:in `dispatch'
    /opt/local/lib/ruby/gems/1.8/gems/actionpack-2.3.4/lib/action_controller/dispatcher.rb:121:in `_call'
    /opt/local/lib/ruby/gems/1.8/gems/actionpack-2.3.4/lib/action_controller/dispatcher.rb:130:in `build_middleware_stack'
    /opt/local/lib/ruby/gems/1.8/gems/activerecord-2.3.4/lib/active_record/query_cache.rb:29:in `call'
    /opt/local/lib/ruby/gems/1.8/gems/activerecord-2.3.4/lib/active_record/query_cache.rb:29:in `call'
    /opt/local/lib/ruby/gems/1.8/gems/activerecord-2.3.4/lib/active_record/connection_adapters/abstract/query_cache.rb:34:in `cache'
    /opt/local/lib/ruby/gems/1.8/gems/activerecord-2.3.4/lib/active_record/query_cache.rb:9:in `cache'
    /opt/local/lib/ruby/gems/1.8/gems/activerecord-2.3.4/lib/active_record/query_cache.rb:28:in `call'
    /opt/local/lib/ruby/gems/1.8/gems/activerecord-2.3.4/lib/active_record/connection_adapters/abstract/connection_pool.rb:361:in `call'
    /opt/local/lib/ruby/gems/1.8/gems/rack-1.0.0/lib/rack/head.rb:9:in `call'
    /opt/local/lib/ruby/gems/1.8/gems/rack-1.0.0/lib/rack/methodoverride.rb:24:in `call'
    /opt/local/lib/ruby/gems/1.8/gems/actionpack-2.3.4/lib/action_controller/params_parser.rb:15:in `call'
    /opt/local/lib/ruby/gems/1.8/gems/actionpack-2.3.4/lib/action_controller/session/cookie_store.rb:93:in `call'
    /opt/local/lib/ruby/gems/1.8/gems/actionpack-2.3.4/lib/action_controller/failsafe.rb:26:in `call'
    /opt/local/lib/ruby/gems/1.8/gems/rack-1.0.0/lib/rack/lock.rb:11:in `call'
    /opt/local/lib/ruby/gems/1.8/gems/rack-1.0.0/lib/rack/lock.rb:11:in `synchronize'
    /opt/local/lib/ruby/gems/1.8/gems/rack-1.0.0/lib/rack/lock.rb:11:in `call'
    /opt/local/lib/ruby/gems/1.8/gems/actionpack-2.3.4/lib/action_controller/dispatcher.rb:114:in `call'
    /opt/local/lib/ruby/gems/1.8/gems/actionpack-2.3.4/lib/action_controller/reloader.rb:34:in `run'
    /opt/local/lib/ruby/gems/1.8/gems/actionpack-2.3.4/lib/action_controller/dispatcher.rb:108:in `call'
    /opt/local/lib/ruby/gems/1.8/gems/rails-2.3.4/lib/rails/rack/static.rb:31:in `call'
    /opt/local/lib/ruby/gems/1.8/gems/rack-1.0.0/lib/rack/urlmap.rb:46:in `call'
    /opt/local/lib/ruby/gems/1.8/gems/rack-1.0.0/lib/rack/urlmap.rb:40:in `each'
    /opt/local/lib/ruby/gems/1.8/gems/rack-1.0.0/lib/rack/urlmap.rb:40:in `call'
    /opt/local/lib/ruby/gems/1.8/gems/rails-2.3.4/lib/rails/rack/log_tailer.rb:17:in `call'
    /opt/local/lib/ruby/gems/1.8/gems/rack-1.0.0/lib/rack/content_length.rb:13:in `call'
    /opt/local/lib/ruby/gems/1.8/gems/rack-1.0.0/lib/rack/chunked.rb:15:in `call'
    /opt/local/lib/ruby/gems/1.8/gems/rack-1.0.0/lib/rack/handler/mongrel.rb:61:in `process'
    /opt/local/lib/ruby/gems/1.8/gems/mongrel-1.1.5/lib/mongrel.rb:159:in `process_client'
    /opt/local/lib/ruby/gems/1.8/gems/mongrel-1.1.5/lib/mongrel.rb:158:in `each'
    /opt/local/lib/ruby/gems/1.8/gems/mongrel-1.1.5/lib/mongrel.rb:158:in `process_client'
    /opt/local/lib/ruby/gems/1.8/gems/mongrel-1.1.5/lib/mongrel.rb:285:in `run'
    /opt/local/lib/ruby/gems/1.8/gems/mongrel-1.1.5/lib/mongrel.rb:285:in `initialize'
    /opt/local/lib/ruby/gems/1.8/gems/mongrel-1.1.5/lib/mongrel.rb:285:in `new'
    /opt/local/lib/ruby/gems/1.8/gems/mongrel-1.1.5/lib/mongrel.rb:285:in `run'
    /opt/local/lib/ruby/gems/1.8/gems/mongrel-1.1.5/lib/mongrel.rb:268:in `initialize'
    /opt/local/lib/ruby/gems/1.8/gems/mongrel-1.1.5/lib/mongrel.rb:268:in `new'
    /opt/local/lib/ruby/gems/1.8/gems/mongrel-1.1.5/lib/mongrel.rb:268:in `run'
    /opt/local/lib/ruby/gems/1.8/gems/rack-1.0.0/lib/rack/handler/mongrel.rb:34:in `run'
    /opt/local/lib/ruby/gems/1.8/gems/rails-2.3.4/lib/commands/server.rb:111
    /opt/local/lib/ruby/site_ruby/1.8/rubygems/custom_require.rb:31:in `gem_original_require'
    /opt/local/lib/ruby/site_ruby/1.8/rubygems/custom_require.rb:31:in `require'
    script/server:3


Processing SiteController#index (for 127.0.0.1 at 2009-10-13 12:57:57) [GET]
Rendering site/index
Completed in 87ms (View: 85, DB: 0) | 200 OK [http://localhost/]


Processing SiteController#index (for 127.0.0.1 at 2009-10-13 12:58:06) [GET]
Rendering site/index
Completed in 5ms (View: 3, DB: 0) | 200 OK [http://localhost/]


Processing EditorController#index (for 127.0.0.1 at 2009-10-13 12:58:08) [GET]
  Parameters: {"url"=>"http://recrio.net/images/mainSample.jpg"}
Rendering editor/index
Rendered editor/_qTools (17.4ms)
Rendered editor/_filters (1.8ms)
Rendered editor/_sidebar (36.4ms)
Rendered editor/_layers (0.9ms)
Rendered editor/_history (0.8ms)
Rendered editor/_text (2.0ms)
Rendered editor/_image (0.8ms)
Completed in 143ms (View: 141, DB: 0) | 200 OK [http://localhost/editor?url=http://recrio.net/images/mainSample.jpg]


Processing ApplicationController#index (for 127.0.0.1 at 2009-10-13 12:58:08) [GET]

ActionController::RoutingError (No route matches "/images/loading.gif" with {:method=>:get}):
  

Rendering rescues/layout (not_found)


Processing EditorController#resizeDetails (for 127.0.0.1 at 2009-10-13 12:58:12) [POST]
Rendering editor/resizeDetails
Completed in 19ms (View: 18, DB: 0) | 200 OK [http://localhost/editor/resizeDetails]


Processing EditorController#edit (for 127.0.0.1 at 2009-10-13 12:58:13) [GET]
  Parameters: {"00resize"=>"143,207", "img"=>"aHR0cDovL3JlY3Jpby5uZXQvaW1hZ2VzL21haW5TYW1wbGUuanBn"}

Magick::ImageMagickError (no data returned `http://recrio.net/images/mainSample.jpg'):
  lib/r_image.rb:4:in `read'
  lib/r_image.rb:4:in `initialize'
  app/controllers/editor_controller.rb:6:in `new'
  app/controllers/editor_controller.rb:6:in `edit'

Rendered rescues/_trace (36.8ms)
Rendered rescues/_request_and_response (1.6ms)
Rendering rescues/layout (internal_server_error)


Processing EditorController#index (for 127.0.0.1 at 2009-10-13 12:58:40) [GET]
  Parameters: {"url"=>"http://localhost:3000/images/mainSample.jpg"}
Rendering editor/index
Rendered editor/_qTools (0.1ms)
Rendered editor/_filters (0.1ms)
Rendered editor/_sidebar (0.8ms)
Rendered editor/_layers (0.1ms)
Rendered editor/_history (0.1ms)
Rendered editor/_text (0.2ms)
Rendered editor/_image (0.1ms)
Completed in 6ms (View: 5, DB: 0) | 200 OK [http://localhost/editor?url=http://localhost:3000/images/mainSample.jpg]


Processing ApplicationController#index (for 127.0.0.1 at 2009-10-13 12:58:40) [GET]

ActionController::RoutingError (No route matches "/images/loading.gif" with {:method=>:get}):
  

Rendering rescues/layout (not_found)


Processing ApplicationController#index (for 127.0.0.1 at 2009-10-13 13:15:54) [GET]

ActionController::RoutingError (No route matches "/images/loading.gif" with {:method=>:get}):
  

Rendering rescues/layout (not_found)


Processing EditorController#index (for 127.0.0.1 at 2009-10-13 13:16:06) [GET]
  Parameters: {"url"=>"http://localhost:3000/images/mainSample.jpg"}
Rendering editor/index
Rendered editor/_qTools (2.2ms)
Rendered editor/_filters (0.1ms)
Rendered editor/_sidebar (4.2ms)
Rendered editor/_layers (0.5ms)
Rendered editor/_history (0.1ms)
Rendered editor/_text (0.2ms)
Rendered editor/_image (0.1ms)
Completed in 10ms (View: 8, DB: 0) | 200 OK [http://localhost/editor?url=http://localhost:3000/images/mainSample.jpg]


Processing ApplicationController#index (for 127.0.0.1 at 2009-10-13 13:16:07) [GET]

ActionController::RoutingError (No route matches "/images/loading.gif" with {:method=>:get}):
  

Rendering rescues/layout (not_found)


Processing EditorController#resizeDetails (for 127.0.0.1 at 2009-10-13 13:16:19) [POST]
Rendering editor/resizeDetails
Completed in 2ms (View: 1, DB: 0) | 200 OK [http://localhost/editor/resizeDetails]


Processing EditorController#cropDetails (for 127.0.0.1 at 2009-10-13 13:16:55) [POST]
Rendering editor/cropDetails
Completed in 19ms (View: 18, DB: 0) | 200 OK [http://localhost/editor/cropDetails]


Processing EditorController#index (for 127.0.0.1 at 2009-10-13 13:17:03) [GET]
  Parameters: {"url"=>"http://localhost:3000/images/mainSample.jpg"}
Rendering editor/index
Rendered editor/_qTools (0.1ms)
Rendered editor/_filters (0.1ms)
Rendered editor/_sidebar (0.5ms)
Rendered editor/_layers (0.1ms)
Rendered editor/_history (0.1ms)
Rendered editor/_text (0.2ms)
Rendered editor/_image (0.1ms)
Completed in 61ms (View: 59, DB: 0) | 200 OK [http://localhost/editor?url=http://localhost:3000/images/mainSample.jpg]


Processing ApplicationController#index (for 127.0.0.1 at 2009-10-13 13:17:04) [GET]

ActionController::RoutingError (No route matches "/images/loading.gif" with {:method=>:get}):
  

Rendering rescues/layout (not_found)


Processing EditorController#cropDetails (for 127.0.0.1 at 2009-10-13 13:17:08) [POST]
Rendering editor/cropDetails
Completed in 2ms (View: 1, DB: 0) | 200 OK [http://localhost/editor/cropDetails]


Processing EditorController#edit (for 127.0.0.1 at 2009-10-13 13:17:34) [GET]
  Parameters: {"img"=>"aHR0cDovL2xvY2FsaG9zdDozMDAwL2ltYWdlcy9tYWluU2FtcGxlLmpwZw==", "00desaturate"=>nil}


Processing SiteController#index (for 127.0.0.1 at 2009-10-19 18:29:49) [GET]
Rendering site/index
Completed in 62ms (View: 60, DB: 0) | 200 OK [http://localhost/]


Processing SiteController#index (for 127.0.0.1 at 2010-09-09 15:56:45) [GET]
Rendering site/index
Completed in 60ms (View: 59, DB: 0) | 200 OK [http://localhost/]


Processing EditorController#index (for 127.0.0.1 at 2010-09-09 15:56:49) [GET]
Rendering editor/index
Rendered editor/_qTools (16.7ms)
Rendered editor/_filters (1.6ms)
Rendered editor/_sidebar (38.0ms)
Rendered editor/_layers (0.8ms)
Rendered editor/_history (0.9ms)
Rendered editor/_text (2.0ms)
Rendered editor/_image (0.9ms)
Completed in 125ms (View: 123, DB: 0) | 200 OK [http://localhost/editor/]


Processing ApplicationController#index (for 127.0.0.1 at 2010-09-09 15:56:50) [GET]

ActionController::RoutingError (No route matches "/images/loading.gif" with {:method=>:get}):
  

Rendering rescues/layout (not_found)


Processing EditorController#open (for 127.0.0.1 at 2010-09-09 15:57:11) [GET]
Rendering editor/open
Completed in 28ms (View: 26, DB: 0) | 200 OK [http://localhost/editor/open]


Processing EditorController#resizeDetails (for 127.0.0.1 at 2010-09-09 15:57:29) [POST]
Rendering editor/resizeDetails
Completed in 36ms (View: 35, DB: 0) | 200 OK [http://localhost/editor/resizeDetails]


Processing EditorController#edit (for 127.0.0.1 at 2010-09-09 15:57:31) [GET]
  Parameters: {"img"=>"aHR0cDovL2Vudm9rZWQuY29tL2ltYWdlcy9sb2dvLnBuZw==", "00resize"=>"418,253"}
Sending data 
Completed in 631ms (View: 1, DB: 0) | 200 OK [http://localhost/editor/edit?img=aHR0cDovL2Vudm9rZWQuY29tL2ltYWdlcy9sb2dvLnBuZw==&00resize=418,253]


Processing EditorController#edit (for 127.0.0.1 at 2010-09-09 15:57:31) [GET]
  Parameters: {"img"=>"aHR0cDovL2Vudm9rZWQuY29tL2ltYWdlcy9sb2dvLnBuZw==", "00resize"=>"418,253"}
Sending data 
Completed in 389ms (View: 1, DB: 0) | 200 OK [http://localhost/editor/edit?img=aHR0cDovL2Vudm9rZWQuY29tL2ltYWdlcy9sb2dvLnBuZw==&00resize=418,253]


Processing SiteController#index (for 127.0.0.1 at 2010-09-09 15:57:35) [GET]
Rendering site/index
Completed in 5ms (View: 4, DB: 0) | 200 OK [http://localhost/]


Processing SiteController#about (for 127.0.0.1 at 2010-09-09 15:58:33) [GET]
Rendering template within layouts/site
Rendering site/about
Completed in 33ms (View: 32, DB: 0) | 200 OK [http://localhost/site/about]


Processing SiteController#index (for 127.0.0.1 at 2010-09-09 15:59:52) [GET]
Rendering site/index
Completed in 4ms (View: 3, DB: 0) | 200 OK [http://localhost/]


Processing EditorController#index (for 127.0.0.1 at 2010-09-09 15:59:53) [GET]
  Parameters: {"url"=>"http://recrio.net/images/mainSample.jpg"}
Rendering editor/index
Rendered editor/_qTools (0.1ms)
Rendered editor/_filters (0.1ms)
Rendered editor/_sidebar (0.9ms)
Rendered editor/_layers (0.1ms)
Rendered editor/_history (0.1ms)
Rendered editor/_text (0.2ms)
Rendered editor/_image (0.1ms)
Completed in 5ms (View: 4, DB: 0) | 200 OK [http://localhost/editor?url=http://recrio.net/images/mainSample.jpg]


Processing ApplicationController#index (for 127.0.0.1 at 2010-09-09 15:59:54) [GET]

ActionController::RoutingError (No route matches "/images/loading.gif" with {:method=>:get}):
  

Rendering rescues/layout (not_found)


Processing EditorController#index (for 127.0.0.1 at 2010-09-09 16:00:52) [GET]
  Parameters: {"url"=>"http://envoked.com/assets/photos/mountains-in-nevada/landscape.jpg"}
Rendering editor/index
Rendered editor/_qTools (0.1ms)
Rendered editor/_filters (0.1ms)
Rendered editor/_sidebar (0.8ms)
Rendered editor/_layers (0.1ms)
Rendered editor/_history (0.1ms)
Rendered editor/_text (0.3ms)
Rendered editor/_image (0.1ms)
Completed in 82ms (View: 81, DB: 0) | 200 OK [http://localhost/editor?url=http://envoked.com/assets/photos/mountains-in-nevada/landscape.jpg]


Processing ApplicationController#index (for 127.0.0.1 at 2010-09-09 16:00:53) [GET]

ActionController::RoutingError (No route matches "/images/loading.gif" with {:method=>:get}):
  

Rendering rescues/layout (not_found)


Processing EditorController#index (for 127.0.0.1 at 2010-09-09 16:02:09) [GET]
  Parameters: {"url"=>"http://envoked.com/assets/photos/mountains-in-nevada/landscape.jpg"}
Rendering editor/index
Rendered editor/_qTools (0.1ms)
Rendered editor/_filters (0.1ms)
Rendered editor/_sidebar (0.8ms)
Rendered editor/_layers (0.1ms)
Rendered editor/_history (0.1ms)
Rendered editor/_text (0.2ms)
Rendered editor/_image (0.1ms)
Completed in 6ms (View: 4, DB: 0) | 200 OK [http://localhost/editor?url=http://envoked.com/assets/photos/mountains-in-nevada/landscape.jpg]


Processing ApplicationController#index (for 127.0.0.1 at 2010-09-09 16:02:09) [GET]

ActionController::RoutingError (No route matches "/images/loading.gif" with {:method=>:get}):
  

Rendering rescues/layout (not_found)


Processing EditorController#saveForm (for 127.0.0.1 at 2010-09-09 18:57:35) [GET]
Rendering editor/saveForm
Completed in 23ms (View: 22, DB: 0) | 200 OK [http://localhost/editor/saveForm]


Processing SiteController#index (for 127.0.0.1 at 2010-09-10 19:25:20) [GET]
Rendering site/index
Completed in 326ms (View: 324, DB: 0) | 200 OK [http://localhost/]


Processing EditorController#index (for 127.0.0.1 at 2010-09-10 19:25:28) [GET]
  Parameters: {"url"=>"http://recrio.net/images/mainSample.jpg"}
Rendering editor/index
Rendered editor/_qTools (27.3ms)
Rendered editor/_filters (11.0ms)
Rendered editor/_sidebar (70.6ms)
Rendered editor/_layers (10.3ms)
Rendered editor/_history (47.4ms)
Rendered editor/_text (13.2ms)
Rendered editor/_image (8.2ms)
Completed in 311ms (View: 309, DB: 0) | 200 OK [http://localhost/editor?url=http://recrio.net/images/mainSample.jpg]


Processing ApplicationController#index (for 127.0.0.1 at 2010-09-10 19:25:30) [GET]

ActionController::RoutingError (No route matches "/images/loading.gif" with {:method=>:get}):
  

Rendering rescues/layout (not_found)


Processing EditorController#index (for 127.0.0.1 at 2010-09-10 19:25:36) [GET]
  Parameters: {"url"=>"http://envoked.com/assets/photos/perito-moreno-glacier/landscape.jpg"}
Rendering editor/index
Rendered editor/_qTools (0.1ms)
Rendered editor/_filters (0.1ms)
Rendered editor/_sidebar (0.7ms)
Rendered editor/_layers (0.2ms)
Rendered editor/_history (0.1ms)
Rendered editor/_text (1.4ms)
Rendered editor/_image (0.1ms)
Completed in 9ms (View: 7, DB: 0) | 200 OK [http://localhost/editor?url=http://envoked.com/assets/photos/perito-moreno-glacier/landscape.jpg]


Processing ApplicationController#index (for 127.0.0.1 at 2010-09-10 19:25:36) [GET]

ActionController::RoutingError (No route matches "/images/loading.gif" with {:method=>:get}):
  

Rendering rescues/layout (not_found)


Processing EditorController#index (for 127.0.0.1 at 2010-09-10 19:26:29) [GET]
  Parameters: {"url"=>"http://envoked.com/assets/photos/perito-moreno-glacier/landscape.jpg"}
Rendering editor/index
Rendered editor/_qTools (0.1ms)
Rendered editor/_filters (0.1ms)
Rendered editor/_sidebar (0.7ms)
Rendered editor/_layers (0.1ms)
Rendered editor/_history (0.1ms)
Rendered editor/_text (0.2ms)
Rendered editor/_image (0.1ms)
Completed in 5ms (View: 4, DB: 0) | 200 OK [http://localhost/editor?url=http://envoked.com/assets/photos/perito-moreno-glacier/landscape.jpg]


Processing ApplicationController#index (for 127.0.0.1 at 2010-09-10 19:26:29) [GET]

ActionController::RoutingError (No route matches "/images/loading.gif" with {:method=>:get}):
  

Rendering rescues/layout (not_found)


Processing EditorController#resizeDetails (for 127.0.0.1 at 2010-09-10 19:27:00) [POST]
Rendering editor/resizeDetails
Completed in 34ms (View: 32, DB: 0) | 200 OK [http://localhost/editor/resizeDetails]


Processing SiteController#index (for 127.0.0.1 at 2010-10-01 00:05:16) [GET]
Rendering site/index
Completed in 248ms (View: 246, DB: 0) | 200 OK [http://localhost/]


Processing EditorController#index (for 127.0.0.1 at 2010-10-01 00:05:18) [GET]
  Parameters: {"url"=>"http://recrio.net/images/mainSample.jpg"}
Rendering editor/index
Rendered editor/_qTools (1.2ms)
Rendered editor/_filters (1.7ms)
Rendered editor/_sidebar (26.3ms)
Rendered editor/_layers (1.0ms)
Rendered editor/_history (0.8ms)
Rendered editor/_text (2.0ms)
Rendered editor/_image (0.9ms)
Completed in 170ms (View: 168, DB: 0) | 200 OK [http://localhost/editor?url=http://recrio.net/images/mainSample.jpg]


Processing ApplicationController#index (for 127.0.0.1 at 2010-10-01 00:05:19) [GET]

ActionController::RoutingError (No route matches "/images/loading.gif" with {:method=>:get}):
  

Rendering rescues/layout (not_found)


Processing EditorController#index (for 127.0.0.1 at 2010-10-01 00:05:49) [GET]
  Parameters: {"url"=>"http://envoked.com/assets/photos/perito-moreno-glacier/landscape.jpg"}
Rendering editor/index
Rendered editor/_qTools (0.1ms)
Rendered editor/_filters (0.1ms)
Rendered editor/_sidebar (0.7ms)
Rendered editor/_layers (0.1ms)
Rendered editor/_history (0.1ms)
Rendered editor/_text (0.2ms)
Rendered editor/_image (0.1ms)
Completed in 7ms (View: 6, DB: 0) | 200 OK [http://localhost/editor?url=http://envoked.com/assets/photos/perito-moreno-glacier/landscape.jpg]


Processing ApplicationController#index (for 127.0.0.1 at 2010-10-01 00:05:50) [GET]

ActionController::RoutingError (No route matches "/images/loading.gif" with {:method=>:get}):
  

Rendering rescues/layout (not_found)


Processing SiteController#index (for 127.0.0.1 at 2011-02-03 12:20:05) [GET]
Rendering site/index
Completed in 64ms (View: 63, DB: 0) | 200 OK [http://localhost/]


Processing EditorController#index (for 127.0.0.1 at 2011-02-03 12:20:09) [GET]
  Parameters: {"url"=>"http://recrio.net/images/mainSample.jpg"}
Rendering editor/index
Rendered editor/_qTools (18.6ms)
Rendered editor/_filters (2.0ms)
Rendered editor/_sidebar (43.3ms)
Rendered editor/_layers (0.9ms)
Rendered editor/_history (0.8ms)
Rendered editor/_text (2.0ms)
Rendered editor/_image (0.9ms)
Completed in 176ms (View: 175, DB: 0) | 200 OK [http://localhost/editor?url=http://recrio.net/images/mainSample.jpg]


Processing ApplicationController#index (for 127.0.0.1 at 2011-02-03 12:20:10) [GET]

ActionController::RoutingError (No route matches "/images/loading.gif" with {:method=>:get}):
  

Rendering rescues/layout (not_found)


Processing EditorController#open (for 127.0.0.1 at 2011-02-03 12:20:19) [GET]
Rendering editor/open
Completed in 20ms (View: 18, DB: 0) | 200 OK [http://localhost/editor/open]


Processing EditorController#resizeDetails (for 127.0.0.1 at 2011-02-03 12:20:26) [POST]
Rendering editor/resizeDetails
Completed in 7ms (View: 6, DB: 0) | 200 OK [http://localhost/editor/resizeDetails]


Processing EditorController#edit (for 127.0.0.1 at 2011-02-03 12:20:27) [GET]
  Parameters: {"img"=>"aHR0cHM6Ly9naXRodWIuY29tL2ltYWdlcy9tb2R1bGVzL2hlYWRlci9sb2dvdjMtaG92ZXIucG5n", "00resize"=>"429,244"}
Sending data 
Completed in 944ms (View: 1, DB: 0) | 200 OK [http://localhost/editor/edit?img=aHR0cHM6Ly9naXRodWIuY29tL2ltYWdlcy9tb2R1bGVzL2hlYWRlci9sb2dvdjMtaG92ZXIucG5n&00resize=429,244]


Processing EditorController#edit (for 127.0.0.1 at 2011-02-03 12:20:28) [GET]
  Parameters: {"img"=>"aHR0cHM6Ly9naXRodWIuY29tL2ltYWdlcy9tb2R1bGVzL2hlYWRlci9sb2dvdjMtaG92ZXIucG5n", "00resize"=>"429,244"}
Sending data 
Completed in 429ms (View: 1, DB: 0) | 200 OK [http://localhost/editor/edit?img=aHR0cHM6Ly9naXRodWIuY29tL2ltYWdlcy9tb2R1bGVzL2hlYWRlci9sb2dvdjMtaG92ZXIucG5n&00resize=429,244]


Processing EditorController#edit (for 127.0.0.1 at 2011-02-03 12:20:31) [GET]
  Parameters: {"01resize"=>"267,143", "img"=>"aHR0cHM6Ly9naXRodWIuY29tL2ltYWdlcy9tb2R1bGVzL2hlYWRlci9sb2dvdjMtaG92ZXIucG5n", "00resize"=>"429,244"}
Sending data 
Completed in 439ms (View: 1, DB: 0) | 200 OK [http://localhost/editor/edit?img=aHR0cHM6Ly9naXRodWIuY29tL2ltYWdlcy9tb2R1bGVzL2hlYWRlci9sb2dvdjMtaG92ZXIucG5n&00resize=429,244&01resize=267,143]


Processing EditorController#edit (for 127.0.0.1 at 2011-02-03 12:20:32) [GET]
  Parameters: {"01resize"=>"267,143", "img"=>"aHR0cHM6Ly9naXRodWIuY29tL2ltYWdlcy9tb2R1bGVzL2hlYWRlci9sb2dvdjMtaG92ZXIucG5n", "00resize"=>"429,244"}
Sending data 
Completed in 429ms (View: 1, DB: 0) | 200 OK [http://localhost/editor/edit?img=aHR0cHM6Ly9naXRodWIuY29tL2ltYWdlcy9tb2R1bGVzL2hlYWRlci9sb2dvdjMtaG92ZXIucG5n&00resize=429,244&01resize=267,143]


Processing EditorController#edit (for 127.0.0.1 at 2011-02-03 12:20:35) [GET]
  Parameters: {"01resize"=>"267,143", "img"=>"aHR0cHM6Ly9naXRodWIuY29tL2ltYWdlcy9tb2R1bGVzL2hlYWRlci9sb2dvdjMtaG92ZXIucG5n", "00resize"=>"429,244", "02desaturate"=>nil}
Sending data 
Completed in 954ms (View: 1, DB: 0) | 200 OK [http://localhost/editor/edit?img=aHR0cHM6Ly9naXRodWIuY29tL2ltYWdlcy9tb2R1bGVzL2hlYWRlci9sb2dvdjMtaG92ZXIucG5n&00resize=429,244&01resize=267,143&02desaturate]


Processing EditorController#edit (for 127.0.0.1 at 2011-02-03 12:20:36) [GET]
  Parameters: {"01resize"=>"267,143", "img"=>"aHR0cHM6Ly9naXRodWIuY29tL2ltYWdlcy9tb2R1bGVzL2hlYWRlci9sb2dvdjMtaG92ZXIucG5n", "00resize"=>"429,244", "02desaturate"=>nil}
Sending data 
Completed in 617ms (View: 1, DB: 0) | 200 OK [http://localhost/editor/edit?img=aHR0cHM6Ly9naXRodWIuY29tL2ltYWdlcy9tb2R1bGVzL2hlYWRlci9sb2dvdjMtaG92ZXIucG5n&00resize=429,244&01resize=267,143&02desaturate]


Processing EditorController#edit (for 127.0.0.1 at 2011-02-03 12:20:37) [GET]
  Parameters: {"01resize"=>"267,143", "03desaturate"=>nil, "img"=>"aHR0cHM6Ly9naXRodWIuY29tL2ltYWdlcy9tb2R1bGVzL2hlYWRlci9sb2dvdjMtaG92ZXIucG5n", "00resize"=>"429,244", "02desaturate"=>nil}
Sending data 
Completed in 607ms (View: 1, DB: 0) | 200 OK [http://localhost/editor/edit?img=aHR0cHM6Ly9naXRodWIuY29tL2ltYWdlcy9tb2R1bGVzL2hlYWRlci9sb2dvdjMtaG92ZXIucG5n&00resize=429,244&01resize=267,143&02desaturate&03desaturate]


Processing EditorController#edit (for 127.0.0.1 at 2011-02-03 12:20:37) [GET]
  Parameters: {"01resize"=>"267,143", "03desaturate"=>nil, "img"=>"aHR0cHM6Ly9naXRodWIuY29tL2ltYWdlcy9tb2R1bGVzL2hlYWRlci9sb2dvdjMtaG92ZXIucG5n", "00resize"=>"429,244", "02desaturate"=>nil}
Sending data 
Completed in 653ms (View: 1, DB: 0) | 200 OK [http://localhost/editor/edit?img=aHR0cHM6Ly9naXRodWIuY29tL2ltYWdlcy9tb2R1bGVzL2hlYWRlci9sb2dvdjMtaG92ZXIucG5n&00resize=429,244&01resize=267,143&02desaturate&03desaturate]


Processing EditorController#edit (for 127.0.0.1 at 2011-02-03 12:20:43) [GET]
  Parameters: {"01resize"=>"267,143", "03desaturate"=>nil, "img"=>"aHR0cHM6Ly9naXRodWIuY29tL2ltYWdlcy9tb2R1bGVzL2hlYWRlci9sb2dvdjMtaG92ZXIucG5n", "00resize"=>"429,244", "04blur"=>"7", "02desaturate"=>nil}
Sending data 
Completed in 648ms (View: 1, DB: 0) | 200 OK [http://localhost/editor/edit?img=aHR0cHM6Ly9naXRodWIuY29tL2ltYWdlcy9tb2R1bGVzL2hlYWRlci9sb2dvdjMtaG92ZXIucG5n&00resize=429,244&01resize=267,143&02desaturate&03desaturate&04blur=7]


Processing EditorController#edit (for 127.0.0.1 at 2011-02-03 12:20:43) [GET]
  Parameters: {"01resize"=>"267,143", "03desaturate"=>nil, "img"=>"aHR0cHM6Ly9naXRodWIuY29tL2ltYWdlcy9tb2R1bGVzL2hlYWRlci9sb2dvdjMtaG92ZXIucG5n", "00resize"=>"429,244", "04blur"=>"7", "02desaturate"=>nil}
Sending data 
Completed in 636ms (View: 1, DB: 0) | 200 OK [http://localhost/editor/edit?img=aHR0cHM6Ly9naXRodWIuY29tL2ltYWdlcy9tb2R1bGVzL2hlYWRlci9sb2dvdjMtaG92ZXIucG5n&00resize=429,244&01resize=267,143&02desaturate&03desaturate&04blur=7]
